<?xml version="1.0" encoding="UTF-8"?>
<testsuite xmlns:xsi="http://www.w3.org/2001/XMLSchema-instance" xsi:noNamespaceSchemaLocation="https://maven.apache.org/surefire/maven-surefire-plugin/xsd/surefire-test-report.xsd" name="task.AppTest" time="0.222" tests="1" errors="0" skipped="0" failures="0">
  <properties>
    <property name="java.specification.version" value="21"/>
    <property name="sun.cpu.isalist" value="amd64"/>
    <property name="sun.jnu.encoding" value="Cp1253"/>
    <property name="java.class.path" value="C:\Users\Άγγελος\Desktop\ftask\taskf\target\test-classes;C:\Users\Άγγελος\Desktop\ftask\taskf\target\classes;C:\Users\Άγγελος\.m2\repository\junit\junit\4.11\junit-4.11.jar;C:\Users\Άγγελος\.m2\repository\org\hamcrest\hamcrest-core\1.3\hamcrest-core-1.3.jar;C:\Users\Άγγελος\.m2\repository\org\apache\wayang\wayang-core\0.7.0\wayang-core-0.7.0.jar;C:\Users\Άγγελος\.m2\repository\org\yaml\snakeyaml\2.0\snakeyaml-2.0.jar;C:\Users\Άγγελος\.m2\repository\commons-io\commons-io\2.7\commons-io-2.7.jar;C:\Users\Άγγελος\.m2\repository\de\odysseus\juel\juel-api\2.2.7\juel-api-2.2.7.jar;C:\Users\Άγγελος\.m2\repository\de\odysseus\juel\juel-impl\2.2.7\juel-impl-2.2.7.jar;C:\Users\Άγγελος\.m2\repository\com\google\code\gson\gson\2.8.9\gson-2.8.9.jar;C:\Users\Άγγελος\.m2\repository\org\apache\commons\commons-lang3\3.12.0\commons-lang3-3.12.0.jar;C:\Users\Άγγελος\.m2\repository\org\antlr\antlr4-runtime\4.9.1\antlr4-runtime-4.9.1.jar;C:\Users\Άγγελος\.m2\repository\org\apache\logging\log4j\log4j-api\2.17.0\log4j-api-2.17.0.jar;C:\Users\Άγγελος\.m2\repository\org\apache\logging\log4j\log4j-core\2.17.0\log4j-core-2.17.0.jar;C:\Users\Άγγελος\.m2\repository\org\apache\wayang\wayang-utils-profile-db\0.7.0\wayang-utils-profile-db-0.7.0.jar;C:\Users\Άγγελος\.m2\repository\com\fasterxml\jackson\core\jackson-databind\2.10.2\jackson-databind-2.10.2.jar;C:\Users\Άγγελος\.m2\repository\com\fasterxml\jackson\core\jackson-annotations\2.10.2\jackson-annotations-2.10.2.jar;C:\Users\Άγγελος\.m2\repository\com\fasterxml\jackson\core\jackson-core\2.10.2\jackson-core-2.10.2.jar;C:\Users\Άγγελος\.m2\repository\com\amazonaws\aws-java-sdk-s3\1.12.261\aws-java-sdk-s3-1.12.261.jar;C:\Users\Άγγελος\.m2\repository\com\amazonaws\aws-java-sdk-kms\1.12.261\aws-java-sdk-kms-1.12.261.jar;C:\Users\Άγγελος\.m2\repository\com\amazonaws\aws-java-sdk-core\1.12.261\aws-java-sdk-core-1.12.261.jar;C:\Users\Άγγελος\.m2\repository\software\amazon\ion\ion-java\1.0.2\ion-java-1.0.2.jar;C:\Users\Άγγελος\.m2\repository\com\fasterxml\jackson\dataformat\jackson-dataformat-cbor\2.12.6\jackson-dataformat-cbor-2.12.6.jar;C:\Users\Άγγελος\.m2\repository\joda-time\joda-time\2.8.1\joda-time-2.8.1.jar;C:\Users\Άγγελος\.m2\repository\com\amazonaws\jmespath-java\1.12.261\jmespath-java-1.12.261.jar;C:\Users\Άγγελος\.m2\repository\org\apache\httpcomponents\httpclient\4.5.13\httpclient-4.5.13.jar;C:\Users\Άγγελος\.m2\repository\org\apache\httpcomponents\httpcore\4.4.13\httpcore-4.4.13.jar;C:\Users\Άγγελος\.m2\repository\commons-logging\commons-logging\1.2\commons-logging-1.2.jar;C:\Users\Άγγελος\.m2\repository\commons-codec\commons-codec\1.11\commons-codec-1.11.jar;C:\Users\Άγγελος\.m2\repository\org\apache\wayang\wayang-java\0.7.0\wayang-java-0.7.0.jar;C:\Users\Άγγελος\.m2\repository\org\apache\hadoop\hadoop-client\3.1.2\hadoop-client-3.1.2.jar;C:\Users\Άγγελος\.m2\repository\org\apache\hadoop\hadoop-common\3.1.2\hadoop-common-3.1.2.jar;C:\Users\Άγγελος\.m2\repository\com\google\guava\guava\11.0.2\guava-11.0.2.jar;C:\Users\Άγγελος\.m2\repository\commons-cli\commons-cli\1.2\commons-cli-1.2.jar;C:\Users\Άγγελος\.m2\repository\org\apache\commons\commons-math3\3.1.1\commons-math3-3.1.1.jar;C:\Users\Άγγελος\.m2\repository\commons-net\commons-net\3.6\commons-net-3.6.jar;C:\Users\Άγγελος\.m2\repository\commons-collections\commons-collections\3.2.2\commons-collections-3.2.2.jar;C:\Users\Άγγελος\.m2\repository\org\eclipse\jetty\jetty-servlet\9.3.24.v20180605\jetty-servlet-9.3.24.v20180605.jar;C:\Users\Άγγελος\.m2\repository\org\eclipse\jetty\jetty-security\9.3.24.v20180605\jetty-security-9.3.24.v20180605.jar;C:\Users\Άγγελος\.m2\repository\org\eclipse\jetty\jetty-webapp\9.3.24.v20180605\jetty-webapp-9.3.24.v20180605.jar;C:\Users\Άγγελος\.m2\repository\org\eclipse\jetty\jetty-xml\9.3.24.v20180605\jetty-xml-9.3.24.v20180605.jar;C:\Users\Άγγελος\.m2\repository\javax\servlet\jsp\jsp-api\2.1\jsp-api-2.1.jar;C:\Users\Άγγελος\.m2\repository\com\sun\jersey\jersey-servlet\1.19\jersey-servlet-1.19.jar;C:\Users\Άγγελος\.m2\repository\log4j\log4j\1.2.17\log4j-1.2.17.jar;C:\Users\Άγγελος\.m2\repository\commons-lang\commons-lang\2.6\commons-lang-2.6.jar;C:\Users\Άγγελος\.m2\repository\commons-beanutils\commons-beanutils\1.9.3\commons-beanutils-1.9.3.jar;C:\Users\Άγγελος\.m2\repository\org\apache\commons\commons-configuration2\2.1.1\commons-configuration2-2.1.1.jar;C:\Users\Άγγελος\.m2\repository\org\slf4j\slf4j-api\1.7.25\slf4j-api-1.7.25.jar;C:\Users\Άγγελος\.m2\repository\org\apache\avro\avro\1.7.7\avro-1.7.7.jar;C:\Users\Άγγελος\.m2\repository\org\codehaus\jackson\jackson-core-asl\1.9.13\jackson-core-asl-1.9.13.jar;C:\Users\Άγγελος\.m2\repository\org\codehaus\jackson\jackson-mapper-asl\1.9.13\jackson-mapper-asl-1.9.13.jar;C:\Users\Άγγελος\.m2\repository\com\thoughtworks\paranamer\paranamer\2.3\paranamer-2.3.jar;C:\Users\Άγγελος\.m2\repository\org\xerial\snappy\snappy-java\1.0.5\snappy-java-1.0.5.jar;C:\Users\Άγγελος\.m2\repository\com\google\re2j\re2j\1.1\re2j-1.1.jar;C:\Users\Άγγελος\.m2\repository\com\google\protobuf\protobuf-java\2.5.0\protobuf-java-2.5.0.jar;C:\Users\Άγγελος\.m2\repository\org\apache\hadoop\hadoop-auth\3.1.2\hadoop-auth-3.1.2.jar;C:\Users\Άγγελος\.m2\repository\com\nimbusds\nimbus-jose-jwt\4.41.1\nimbus-jose-jwt-4.41.1.jar;C:\Users\Άγγελος\.m2\repository\com\github\stephenc\jcip\jcip-annotations\1.0-1\jcip-annotations-1.0-1.jar;C:\Users\Άγγελος\.m2\repository\net\minidev\json-smart\2.3\json-smart-2.3.jar;C:\Users\Άγγελος\.m2\repository\net\minidev\accessors-smart\1.2\accessors-smart-1.2.jar;C:\Users\Άγγελος\.m2\repository\org\ow2\asm\asm\5.0.4\asm-5.0.4.jar;C:\Users\Άγγελος\.m2\repository\org\apache\curator\curator-framework\2.13.0\curator-framework-2.13.0.jar;C:\Users\Άγγελος\.m2\repository\org\apache\curator\curator-client\2.13.0\curator-client-2.13.0.jar;C:\Users\Άγγελος\.m2\repository\org\apache\curator\curator-recipes\2.13.0\curator-recipes-2.13.0.jar;C:\Users\Άγγελος\.m2\repository\com\google\code\findbugs\jsr305\3.0.0\jsr305-3.0.0.jar;C:\Users\Άγγελος\.m2\repository\org\apache\htrace\htrace-core4\4.1.0-incubating\htrace-core4-4.1.0-incubating.jar;C:\Users\Άγγελος\.m2\repository\org\apache\commons\commons-compress\1.18\commons-compress-1.18.jar;C:\Users\Άγγελος\.m2\repository\org\apache\kerby\kerb-simplekdc\1.0.1\kerb-simplekdc-1.0.1.jar;C:\Users\Άγγελος\.m2\repository\org\apache\kerby\kerb-client\1.0.1\kerb-client-1.0.1.jar;C:\Users\Άγγελος\.m2\repository\org\apache\kerby\kerby-config\1.0.1\kerby-config-1.0.1.jar;C:\Users\Άγγελος\.m2\repository\org\apache\kerby\kerb-core\1.0.1\kerb-core-1.0.1.jar;C:\Users\Άγγελος\.m2\repository\org\apache\kerby\kerby-pkix\1.0.1\kerby-pkix-1.0.1.jar;C:\Users\Άγγελος\.m2\repository\org\apache\kerby\kerby-asn1\1.0.1\kerby-asn1-1.0.1.jar;C:\Users\Άγγελος\.m2\repository\org\apache\kerby\kerby-util\1.0.1\kerby-util-1.0.1.jar;C:\Users\Άγγελος\.m2\repository\org\apache\kerby\kerb-common\1.0.1\kerb-common-1.0.1.jar;C:\Users\Άγγελος\.m2\repository\org\apache\kerby\kerb-crypto\1.0.1\kerb-crypto-1.0.1.jar;C:\Users\Άγγελος\.m2\repository\org\apache\kerby\kerb-util\1.0.1\kerb-util-1.0.1.jar;C:\Users\Άγγελος\.m2\repository\org\apache\kerby\token-provider\1.0.1\token-provider-1.0.1.jar;C:\Users\Άγγελος\.m2\repository\org\apache\kerby\kerb-admin\1.0.1\kerb-admin-1.0.1.jar;C:\Users\Άγγελος\.m2\repository\org\apache\kerby\kerb-server\1.0.1\kerb-server-1.0.1.jar;C:\Users\Άγγελος\.m2\repository\org\apache\kerby\kerb-identity\1.0.1\kerb-identity-1.0.1.jar;C:\Users\Άγγελος\.m2\repository\org\apache\kerby\kerby-xdr\1.0.1\kerby-xdr-1.0.1.jar;C:\Users\Άγγελος\.m2\repository\org\codehaus\woodstox\stax2-api\3.1.4\stax2-api-3.1.4.jar;C:\Users\Άγγελος\.m2\repository\com\fasterxml\woodstox\woodstox-core\5.0.3\woodstox-core-5.0.3.jar;C:\Users\Άγγελος\.m2\repository\org\apache\hadoop\hadoop-hdfs-client\3.1.2\hadoop-hdfs-client-3.1.2.jar;C:\Users\Άγγελος\.m2\repository\com\squareup\okhttp\okhttp\2.7.5\okhttp-2.7.5.jar;C:\Users\Άγγελος\.m2\repository\com\squareup\okio\okio\1.6.0\okio-1.6.0.jar;C:\Users\Άγγελος\.m2\repository\org\apache\hadoop\hadoop-yarn-api\3.1.2\hadoop-yarn-api-3.1.2.jar;C:\Users\Άγγελος\.m2\repository\javax\xml\bind\jaxb-api\2.2.11\jaxb-api-2.2.11.jar;C:\Users\Άγγελος\.m2\repository\org\apache\hadoop\hadoop-yarn-client\3.1.2\hadoop-yarn-client-3.1.2.jar;C:\Users\Άγγελος\.m2\repository\org\apache\hadoop\hadoop-mapreduce-client-core\3.1.2\hadoop-mapreduce-client-core-3.1.2.jar;C:\Users\Άγγελος\.m2\repository\org\apache\hadoop\hadoop-yarn-common\3.1.2\hadoop-yarn-common-3.1.2.jar;C:\Users\Άγγελος\.m2\repository\javax\servlet\javax.servlet-api\3.1.0\javax.servlet-api-3.1.0.jar;C:\Users\Άγγελος\.m2\repository\org\eclipse\jetty\jetty-util\9.3.24.v20180605\jetty-util-9.3.24.v20180605.jar;C:\Users\Άγγελος\.m2\repository\com\sun\jersey\jersey-core\1.19\jersey-core-1.19.jar;C:\Users\Άγγελος\.m2\repository\javax\ws\rs\jsr311-api\1.1.1\jsr311-api-1.1.1.jar;C:\Users\Άγγελος\.m2\repository\com\sun\jersey\jersey-client\1.19\jersey-client-1.19.jar;C:\Users\Άγγελος\.m2\repository\com\fasterxml\jackson\module\jackson-module-jaxb-annotations\2.7.8\jackson-module-jaxb-annotations-2.7.8.jar;C:\Users\Άγγελος\.m2\repository\com\fasterxml\jackson\jaxrs\jackson-jaxrs-json-provider\2.7.8\jackson-jaxrs-json-provider-2.7.8.jar;C:\Users\Άγγελος\.m2\repository\com\fasterxml\jackson\jaxrs\jackson-jaxrs-base\2.7.8\jackson-jaxrs-base-2.7.8.jar;C:\Users\Άγγελος\.m2\repository\org\apache\hadoop\hadoop-mapreduce-client-jobclient\3.1.2\hadoop-mapreduce-client-jobclient-3.1.2.jar;C:\Users\Άγγελος\.m2\repository\org\apache\hadoop\hadoop-mapreduce-client-common\3.1.2\hadoop-mapreduce-client-common-3.1.2.jar;C:\Users\Άγγελος\.m2\repository\org\apache\hadoop\hadoop-annotations\3.1.2\hadoop-annotations-3.1.2.jar;C:\Users\Άγγελος\.m2\repository\org\apache\hadoop\hadoop-aws\3.1.2\hadoop-aws-3.1.2.jar;C:\Users\Άγγελος\.m2\repository\com\amazonaws\aws-java-sdk-bundle\1.11.271\aws-java-sdk-bundle-1.11.271.jar;C:\Users\Άγγελος\.m2\repository\org\apache\wayang\wayang-basic\0.7.0\wayang-basic-0.7.0.jar;C:\Users\Άγγελος\.m2\repository\org\apache\wayang\wayang-api-scala-java_2.11\0.7.0\wayang-api-scala-java_2.11-0.7.0.jar;C:\Users\Άγγελος\.m2\repository\org\scala-lang\scala-library\2.11.12\scala-library-2.11.12.jar;"/>
    <property name="java.vm.vendor" value="Eclipse Adoptium"/>
    <property name="sun.arch.data.model" value="64"/>
    <property name="user.variant" value=""/>
    <property name="java.vendor.url" value="https://adoptium.net/"/>
    <property name="user.timezone" value="Europe/Bucharest"/>
    <property name="os.name" value="Windows 11"/>
    <property name="java.vm.specification.version" value="21"/>
    <property name="sun.java.launcher" value="SUN_STANDARD"/>
    <property name="user.country" value="GR"/>
    <property name="sun.boot.library.path" value="C:\Program Files\Eclipse Adoptium\jdk-21.0.6.7-hotspot\bin"/>
    <property name="sun.java.command" value="C:\Users\6081~1\AppData\Local\Temp\surefire18053821355272585722\surefirebooter13202056148755541074.jar C:\Users\Άγγελος\AppData\Local\Temp\surefire18053821355272585722 2025-03-05T17-24-58_352-jvmRun1 surefire13479886191971102506tmp surefire_010312950582964247281tmp"/>
    <property name="jdk.debug" value="release"/>
    <property name="surefire.test.class.path" value="C:\Users\Άγγελος\Desktop\ftask\taskf\target\test-classes;C:\Users\Άγγελος\Desktop\ftask\taskf\target\classes;C:\Users\Άγγελος\.m2\repository\junit\junit\4.11\junit-4.11.jar;C:\Users\Άγγελος\.m2\repository\org\hamcrest\hamcrest-core\1.3\hamcrest-core-1.3.jar;C:\Users\Άγγελος\.m2\repository\org\apache\wayang\wayang-core\0.7.0\wayang-core-0.7.0.jar;C:\Users\Άγγελος\.m2\repository\org\yaml\snakeyaml\2.0\snakeyaml-2.0.jar;C:\Users\Άγγελος\.m2\repository\commons-io\commons-io\2.7\commons-io-2.7.jar;C:\Users\Άγγελος\.m2\repository\de\odysseus\juel\juel-api\2.2.7\juel-api-2.2.7.jar;C:\Users\Άγγελος\.m2\repository\de\odysseus\juel\juel-impl\2.2.7\juel-impl-2.2.7.jar;C:\Users\Άγγελος\.m2\repository\com\google\code\gson\gson\2.8.9\gson-2.8.9.jar;C:\Users\Άγγελος\.m2\repository\org\apache\commons\commons-lang3\3.12.0\commons-lang3-3.12.0.jar;C:\Users\Άγγελος\.m2\repository\org\antlr\antlr4-runtime\4.9.1\antlr4-runtime-4.9.1.jar;C:\Users\Άγγελος\.m2\repository\org\apache\logging\log4j\log4j-api\2.17.0\log4j-api-2.17.0.jar;C:\Users\Άγγελος\.m2\repository\org\apache\logging\log4j\log4j-core\2.17.0\log4j-core-2.17.0.jar;C:\Users\Άγγελος\.m2\repository\org\apache\wayang\wayang-utils-profile-db\0.7.0\wayang-utils-profile-db-0.7.0.jar;C:\Users\Άγγελος\.m2\repository\com\fasterxml\jackson\core\jackson-databind\2.10.2\jackson-databind-2.10.2.jar;C:\Users\Άγγελος\.m2\repository\com\fasterxml\jackson\core\jackson-annotations\2.10.2\jackson-annotations-2.10.2.jar;C:\Users\Άγγελος\.m2\repository\com\fasterxml\jackson\core\jackson-core\2.10.2\jackson-core-2.10.2.jar;C:\Users\Άγγελος\.m2\repository\com\amazonaws\aws-java-sdk-s3\1.12.261\aws-java-sdk-s3-1.12.261.jar;C:\Users\Άγγελος\.m2\repository\com\amazonaws\aws-java-sdk-kms\1.12.261\aws-java-sdk-kms-1.12.261.jar;C:\Users\Άγγελος\.m2\repository\com\amazonaws\aws-java-sdk-core\1.12.261\aws-java-sdk-core-1.12.261.jar;C:\Users\Άγγελος\.m2\repository\software\amazon\ion\ion-java\1.0.2\ion-java-1.0.2.jar;C:\Users\Άγγελος\.m2\repository\com\fasterxml\jackson\dataformat\jackson-dataformat-cbor\2.12.6\jackson-dataformat-cbor-2.12.6.jar;C:\Users\Άγγελος\.m2\repository\joda-time\joda-time\2.8.1\joda-time-2.8.1.jar;C:\Users\Άγγελος\.m2\repository\com\amazonaws\jmespath-java\1.12.261\jmespath-java-1.12.261.jar;C:\Users\Άγγελος\.m2\repository\org\apache\httpcomponents\httpclient\4.5.13\httpclient-4.5.13.jar;C:\Users\Άγγελος\.m2\repository\org\apache\httpcomponents\httpcore\4.4.13\httpcore-4.4.13.jar;C:\Users\Άγγελος\.m2\repository\commons-logging\commons-logging\1.2\commons-logging-1.2.jar;C:\Users\Άγγελος\.m2\repository\commons-codec\commons-codec\1.11\commons-codec-1.11.jar;C:\Users\Άγγελος\.m2\repository\org\apache\wayang\wayang-java\0.7.0\wayang-java-0.7.0.jar;C:\Users\Άγγελος\.m2\repository\org\apache\hadoop\hadoop-client\3.1.2\hadoop-client-3.1.2.jar;C:\Users\Άγγελος\.m2\repository\org\apache\hadoop\hadoop-common\3.1.2\hadoop-common-3.1.2.jar;C:\Users\Άγγελος\.m2\repository\com\google\guava\guava\11.0.2\guava-11.0.2.jar;C:\Users\Άγγελος\.m2\repository\commons-cli\commons-cli\1.2\commons-cli-1.2.jar;C:\Users\Άγγελος\.m2\repository\org\apache\commons\commons-math3\3.1.1\commons-math3-3.1.1.jar;C:\Users\Άγγελος\.m2\repository\commons-net\commons-net\3.6\commons-net-3.6.jar;C:\Users\Άγγελος\.m2\repository\commons-collections\commons-collections\3.2.2\commons-collections-3.2.2.jar;C:\Users\Άγγελος\.m2\repository\org\eclipse\jetty\jetty-servlet\9.3.24.v20180605\jetty-servlet-9.3.24.v20180605.jar;C:\Users\Άγγελος\.m2\repository\org\eclipse\jetty\jetty-security\9.3.24.v20180605\jetty-security-9.3.24.v20180605.jar;C:\Users\Άγγελος\.m2\repository\org\eclipse\jetty\jetty-webapp\9.3.24.v20180605\jetty-webapp-9.3.24.v20180605.jar;C:\Users\Άγγελος\.m2\repository\org\eclipse\jetty\jetty-xml\9.3.24.v20180605\jetty-xml-9.3.24.v20180605.jar;C:\Users\Άγγελος\.m2\repository\javax\servlet\jsp\jsp-api\2.1\jsp-api-2.1.jar;C:\Users\Άγγελος\.m2\repository\com\sun\jersey\jersey-servlet\1.19\jersey-servlet-1.19.jar;C:\Users\Άγγελος\.m2\repository\log4j\log4j\1.2.17\log4j-1.2.17.jar;C:\Users\Άγγελος\.m2\repository\commons-lang\commons-lang\2.6\commons-lang-2.6.jar;C:\Users\Άγγελος\.m2\repository\commons-beanutils\commons-beanutils\1.9.3\commons-beanutils-1.9.3.jar;C:\Users\Άγγελος\.m2\repository\org\apache\commons\commons-configuration2\2.1.1\commons-configuration2-2.1.1.jar;C:\Users\Άγγελος\.m2\repository\org\slf4j\slf4j-api\1.7.25\slf4j-api-1.7.25.jar;C:\Users\Άγγελος\.m2\repository\org\apache\avro\avro\1.7.7\avro-1.7.7.jar;C:\Users\Άγγελος\.m2\repository\org\codehaus\jackson\jackson-core-asl\1.9.13\jackson-core-asl-1.9.13.jar;C:\Users\Άγγελος\.m2\repository\org\codehaus\jackson\jackson-mapper-asl\1.9.13\jackson-mapper-asl-1.9.13.jar;C:\Users\Άγγελος\.m2\repository\com\thoughtworks\paranamer\paranamer\2.3\paranamer-2.3.jar;C:\Users\Άγγελος\.m2\repository\org\xerial\snappy\snappy-java\1.0.5\snappy-java-1.0.5.jar;C:\Users\Άγγελος\.m2\repository\com\google\re2j\re2j\1.1\re2j-1.1.jar;C:\Users\Άγγελος\.m2\repository\com\google\protobuf\protobuf-java\2.5.0\protobuf-java-2.5.0.jar;C:\Users\Άγγελος\.m2\repository\org\apache\hadoop\hadoop-auth\3.1.2\hadoop-auth-3.1.2.jar;C:\Users\Άγγελος\.m2\repository\com\nimbusds\nimbus-jose-jwt\4.41.1\nimbus-jose-jwt-4.41.1.jar;C:\Users\Άγγελος\.m2\repository\com\github\stephenc\jcip\jcip-annotations\1.0-1\jcip-annotations-1.0-1.jar;C:\Users\Άγγελος\.m2\repository\net\minidev\json-smart\2.3\json-smart-2.3.jar;C:\Users\Άγγελος\.m2\repository\net\minidev\accessors-smart\1.2\accessors-smart-1.2.jar;C:\Users\Άγγελος\.m2\repository\org\ow2\asm\asm\5.0.4\asm-5.0.4.jar;C:\Users\Άγγελος\.m2\repository\org\apache\curator\curator-framework\2.13.0\curator-framework-2.13.0.jar;C:\Users\Άγγελος\.m2\repository\org\apache\curator\curator-client\2.13.0\curator-client-2.13.0.jar;C:\Users\Άγγελος\.m2\repository\org\apache\curator\curator-recipes\2.13.0\curator-recipes-2.13.0.jar;C:\Users\Άγγελος\.m2\repository\com\google\code\findbugs\jsr305\3.0.0\jsr305-3.0.0.jar;C:\Users\Άγγελος\.m2\repository\org\apache\htrace\htrace-core4\4.1.0-incubating\htrace-core4-4.1.0-incubating.jar;C:\Users\Άγγελος\.m2\repository\org\apache\commons\commons-compress\1.18\commons-compress-1.18.jar;C:\Users\Άγγελος\.m2\repository\org\apache\kerby\kerb-simplekdc\1.0.1\kerb-simplekdc-1.0.1.jar;C:\Users\Άγγελος\.m2\repository\org\apache\kerby\kerb-client\1.0.1\kerb-client-1.0.1.jar;C:\Users\Άγγελος\.m2\repository\org\apache\kerby\kerby-config\1.0.1\kerby-config-1.0.1.jar;C:\Users\Άγγελος\.m2\repository\org\apache\kerby\kerb-core\1.0.1\kerb-core-1.0.1.jar;C:\Users\Άγγελος\.m2\repository\org\apache\kerby\kerby-pkix\1.0.1\kerby-pkix-1.0.1.jar;C:\Users\Άγγελος\.m2\repository\org\apache\kerby\kerby-asn1\1.0.1\kerby-asn1-1.0.1.jar;C:\Users\Άγγελος\.m2\repository\org\apache\kerby\kerby-util\1.0.1\kerby-util-1.0.1.jar;C:\Users\Άγγελος\.m2\repository\org\apache\kerby\kerb-common\1.0.1\kerb-common-1.0.1.jar;C:\Users\Άγγελος\.m2\repository\org\apache\kerby\kerb-crypto\1.0.1\kerb-crypto-1.0.1.jar;C:\Users\Άγγελος\.m2\repository\org\apache\kerby\kerb-util\1.0.1\kerb-util-1.0.1.jar;C:\Users\Άγγελος\.m2\repository\org\apache\kerby\token-provider\1.0.1\token-provider-1.0.1.jar;C:\Users\Άγγελος\.m2\repository\org\apache\kerby\kerb-admin\1.0.1\kerb-admin-1.0.1.jar;C:\Users\Άγγελος\.m2\repository\org\apache\kerby\kerb-server\1.0.1\kerb-server-1.0.1.jar;C:\Users\Άγγελος\.m2\repository\org\apache\kerby\kerb-identity\1.0.1\kerb-identity-1.0.1.jar;C:\Users\Άγγελος\.m2\repository\org\apache\kerby\kerby-xdr\1.0.1\kerby-xdr-1.0.1.jar;C:\Users\Άγγελος\.m2\repository\org\codehaus\woodstox\stax2-api\3.1.4\stax2-api-3.1.4.jar;C:\Users\Άγγελος\.m2\repository\com\fasterxml\woodstox\woodstox-core\5.0.3\woodstox-core-5.0.3.jar;C:\Users\Άγγελος\.m2\repository\org\apache\hadoop\hadoop-hdfs-client\3.1.2\hadoop-hdfs-client-3.1.2.jar;C:\Users\Άγγελος\.m2\repository\com\squareup\okhttp\okhttp\2.7.5\okhttp-2.7.5.jar;C:\Users\Άγγελος\.m2\repository\com\squareup\okio\okio\1.6.0\okio-1.6.0.jar;C:\Users\Άγγελος\.m2\repository\org\apache\hadoop\hadoop-yarn-api\3.1.2\hadoop-yarn-api-3.1.2.jar;C:\Users\Άγγελος\.m2\repository\javax\xml\bind\jaxb-api\2.2.11\jaxb-api-2.2.11.jar;C:\Users\Άγγελος\.m2\repository\org\apache\hadoop\hadoop-yarn-client\3.1.2\hadoop-yarn-client-3.1.2.jar;C:\Users\Άγγελος\.m2\repository\org\apache\hadoop\hadoop-mapreduce-client-core\3.1.2\hadoop-mapreduce-client-core-3.1.2.jar;C:\Users\Άγγελος\.m2\repository\org\apache\hadoop\hadoop-yarn-common\3.1.2\hadoop-yarn-common-3.1.2.jar;C:\Users\Άγγελος\.m2\repository\javax\servlet\javax.servlet-api\3.1.0\javax.servlet-api-3.1.0.jar;C:\Users\Άγγελος\.m2\repository\org\eclipse\jetty\jetty-util\9.3.24.v20180605\jetty-util-9.3.24.v20180605.jar;C:\Users\Άγγελος\.m2\repository\com\sun\jersey\jersey-core\1.19\jersey-core-1.19.jar;C:\Users\Άγγελος\.m2\repository\javax\ws\rs\jsr311-api\1.1.1\jsr311-api-1.1.1.jar;C:\Users\Άγγελος\.m2\repository\com\sun\jersey\jersey-client\1.19\jersey-client-1.19.jar;C:\Users\Άγγελος\.m2\repository\com\fasterxml\jackson\module\jackson-module-jaxb-annotations\2.7.8\jackson-module-jaxb-annotations-2.7.8.jar;C:\Users\Άγγελος\.m2\repository\com\fasterxml\jackson\jaxrs\jackson-jaxrs-json-provider\2.7.8\jackson-jaxrs-json-provider-2.7.8.jar;C:\Users\Άγγελος\.m2\repository\com\fasterxml\jackson\jaxrs\jackson-jaxrs-base\2.7.8\jackson-jaxrs-base-2.7.8.jar;C:\Users\Άγγελος\.m2\repository\org\apache\hadoop\hadoop-mapreduce-client-jobclient\3.1.2\hadoop-mapreduce-client-jobclient-3.1.2.jar;C:\Users\Άγγελος\.m2\repository\org\apache\hadoop\hadoop-mapreduce-client-common\3.1.2\hadoop-mapreduce-client-common-3.1.2.jar;C:\Users\Άγγελος\.m2\repository\org\apache\hadoop\hadoop-annotations\3.1.2\hadoop-annotations-3.1.2.jar;C:\Users\Άγγελος\.m2\repository\org\apache\hadoop\hadoop-aws\3.1.2\hadoop-aws-3.1.2.jar;C:\Users\Άγγελος\.m2\repository\com\amazonaws\aws-java-sdk-bundle\1.11.271\aws-java-sdk-bundle-1.11.271.jar;C:\Users\Άγγελος\.m2\repository\org\apache\wayang\wayang-basic\0.7.0\wayang-basic-0.7.0.jar;C:\Users\Άγγελος\.m2\repository\org\apache\wayang\wayang-api-scala-java_2.11\0.7.0\wayang-api-scala-java_2.11-0.7.0.jar;C:\Users\Άγγελος\.m2\repository\org\scala-lang\scala-library\2.11.12\scala-library-2.11.12.jar;"/>
    <property name="sun.cpu.endian" value="little"/>
    <property name="user.home" value="C:\Users\Άγγελος"/>
    <property name="user.language" value="el"/>
    <property name="java.specification.vendor" value="Oracle Corporation"/>
    <property name="java.version.date" value="2025-01-21"/>
    <property name="java.home" value="C:\Program Files\Eclipse Adoptium\jdk-21.0.6.7-hotspot"/>
    <property name="file.separator" value="\"/>
    <property name="basedir" value="C:\Users\Άγγελος\Desktop\ftask\taskf"/>
    <property name="java.vm.compressedOopsMode" value="32-bit"/>
    <property name="line.separator" value="&#10;"/>
    <property name="java.vm.specification.vendor" value="Oracle Corporation"/>
    <property name="java.specification.name" value="Java Platform API Specification"/>
    <property name="surefire.real.class.path" value="C:\Users\6081~1\AppData\Local\Temp\surefire18053821355272585722\surefirebooter13202056148755541074.jar"/>
    <property name="user.script" value=""/>
    <property name="sun.management.compiler" value="HotSpot 64-Bit Tiered Compilers"/>
    <property name="java.runtime.version" value="21.0.6+7-LTS"/>
    <property name="user.name" value="Άγγελος"/>
    <property name="stdout.encoding" value="Cp1253"/>
    <property name="path.separator" value=";"/>
    <property name="os.version" value="10.0"/>
    <property name="java.runtime.name" value="OpenJDK Runtime Environment"/>
    <property name="file.encoding" value="UTF-8"/>
    <property name="java.vm.name" value="OpenJDK 64-Bit Server VM"/>
    <property name="java.vendor.version" value="Temurin-21.0.6+7"/>
    <property name="localRepository" value="C:\Users\Άγγελος\.m2\repository"/>
    <property name="java.vendor.url.bug" value="https://github.com/adoptium/adoptium-support/issues"/>
    <property name="java.io.tmpdir" value="C:\Users\6081~1\AppData\Local\Temp\"/>
    <property name="java.version" value="21.0.6"/>
    <property name="user.dir" value="C:\Users\Άγγελος\Desktop\ftask\taskf"/>
    <property name="os.arch" value="amd64"/>
    <property name="java.vm.specification.name" value="Java Virtual Machine Specification"/>
    <property name="sun.os.patch.level" value=""/>
    <property name="native.encoding" value="Cp1253"/>
    <property name="java.library.path" value="C:\Program Files\Eclipse Adoptium\jdk-21.0.6.7-hotspot\bin;C:\WINDOWS\Sun\Java\bin;C:\WINDOWS\system32;C:\WINDOWS;C:\Program Files\Eclipse Adoptium\jdk-21.0.6.7-hotspot\bin;C:\Program Files\Python311\Scripts\;C:\Program Files\Python311\;C:\WINDOWS\system32;C:\WINDOWS;C:\WINDOWS\System32\Wbem;C:\WINDOWS\System32\WindowsPowerShell\v1.0\;C:\WINDOWS\System32\OpenSSH\;C:\xampp\php;C:\Program Files\nodejs\;C:\Program Files\MySQL\MySQL Server 8.1\bin;C:\Program Files\Git\cmd;C:\Program Files\MATLAB\R2023b\bin;C:\php-8.4.2;C:\apache-maven-3.9.9\bin;C:\Users\Άγγελος\AppData\Local\Microsoft\WindowsApps;C:\Program Files\OpenVPN\bin;C:\Users\Άγγελος\AppData\Local\Programs\Microsoft VS Code\bin;C:\Users\Άγγελος\AppData\Roaming\npm;."/>
    <property name="java.vm.info" value="mixed mode, sharing"/>
    <property name="stderr.encoding" value="Cp1253"/>
    <property name="java.vendor" value="Eclipse Adoptium"/>
    <property name="java.vm.version" value="21.0.6+7-LTS"/>
    <property name="sun.io.unicode.encoding" value="UnicodeLittle"/>
    <property name="java.class.version" value="65.0"/>
  </properties>
  <testcase name="shouldAnswerWithTrue" classname="task.AppTest" time="0.022"/>
</testsuite>